C51 COMPILER V9.60.0.0   MAIN                                                              08/03/2022 20:08:38 PAGE 1   


C51 COMPILER V9.60.0.0, COMPILATION OF MODULE MAIN
OBJECT MODULE PLACED IN .\Objects\main.obj
COMPILER INVOKED BY: C:\Keil_v5\C51\BIN\C51.EXE main.c OPTIMIZE(8,SPEED) BROWSE DEBUG OBJECTEXTEND PRINT(.\Listings\main
                    -.lst) TABS(2) OBJECT(.\Objects\main.obj)

line level    source

   1          #include <MyHeader.h>
   2          
   3          UINT8 TX_Data[TX_BUFFER];
   4          UINT8 RX_Data[RX_BUFFER];
   5          UINT16 RX_Index = 0;
   6          UINT16 count = 0;
   7          
   8          
   9          void serial_isr() interrupt 4 {
  10   1        unsigned char receivedChar;
  11   1        if (RI == 1) {
  12   2          RI = 0; // Clear the Receive interrupt flag
  13   2          receivedChar = SBUF; // get character in var  
  14   2          //if (RX_Index >= 6) RX_Index=0;
  15   2          //RX_Data[RX_Index++] = receivedChar; //working
  16   2          if (RX_Index >= RST_RX_Index) RX_Index = 0;
  17   2          else {
  18   3            RX_Data[RX_Index++] = receivedChar; //working
  19   3            if (RX_Data[0] != 0xA5) RX_Index = 0;
  20   3          }
  21   2        }
  22   1      }
  23          
  24          void timer0_isr() interrupt 1 {
  25   1        TH0 = 0x4B;
  26   1        TL0 = 0xFD;
  27   1        count++;
  28   1      }
  29          
  30          void main() {
  31   1        Int_Uart();
  32   1        Ports_Init();
  33   1        while (1) {
  34   2          if (count >= 10) {
  35   3            Transmit_Data();
  36   3            count = 0;
  37   3          }
  38   2          Delay(10);
  39   2          if (RX_Index != 0) {
  40   3            Received_Data();
  41   3            RX_Index = 0;
  42   3            memset(RX_Data, '\0', 6 * sizeof(char));
  43   3          }
  44   2        }
  45   1      }


MODULE INFORMATION:   STATIC OVERLAYABLE
   CODE SIZE        =    145    ----
   CONSTANT SIZE    =   ----    ----
   XDATA SIZE       =   ----    ----
   PDATA SIZE       =   ----    ----
   DATA SIZE        =     14    ----
   IDATA SIZE       =   ----    ----
C51 COMPILER V9.60.0.0   MAIN                                                              08/03/2022 20:08:38 PAGE 2   

   BIT SIZE         =   ----    ----
END OF MODULE INFORMATION.


C51 COMPILATION COMPLETE.  0 WARNING(S),  0 ERROR(S)
