C51 COMPILER V9.60.0.0   INT_DEVICE                                                        06/24/2022 16:46:48 PAGE 1   


C51 COMPILER V9.60.0.0, COMPILATION OF MODULE INT_DEVICE
OBJECT MODULE PLACED IN .\Objects\Int_Device.obj
COMPILER INVOKED BY: C:\Keil_v5\C51\BIN\C51.EXE Int_Device.c OPTIMIZE(8,SPEED) BROWSE DEBUG OBJECTEXTEND PRINT(.\Listing
                    -s\Int_Device.lst) TABS(2) OBJECT(.\Objects\Int_Device.obj)

line level    source

   1          #ifndef _INT_DEVICE_H
   2          #define _INT_DEVICE_H
   3          #include <REGX51.H>
   4          #include <MyHeader.h>
   5          
   6          /********* UART Int ***************/
   7          void Int_Uart()
   8          {
   9   1        TMOD = 0x20; //use timer 1, 8 bit auto reload
  10   1        SCON = 0x50; // Mode 1, reception enable 
  11   1        PCON = 0x80; //enable SMOD register
  12   1        TH1 = 0xFD; //9600 baud rate
  13   1        TR1 = 1; //start timer for baud rate generate
  14   1        //  ES = 1; // enable serial interrupt
  15   1         // EA = 1; // enable global interrupt bit
  16   1      }
  17          
  18          /******** TX Char ****************/
  19          void Tx_char(unsigned char Tx_Data)
  20          {
  21   1        SBUF = Tx_Data;
  22   1        while(TI == 0);
  23   1        TI = 0;
  24   1      }
  25          
  26          /*********TX STRING***************/
  27          void Tx_string(unsigned char *get_data)
  28          {
  29   1        unsigned int addr=0;
  30   1        while(*(get_data+addr)!='\0')
  31   1        {
  32   2          Tx_char(*(get_data+addr));
  33   2          addr++;
  34   2        }
  35   1      }
  36          
  37          /******** RX Char ****************/
  38          unsigned char Rx_char()
  39          {
  40   1        unsigned char Rx_Data;
  41   1        while(RI == 0);
  42   1        Rx_Data = SBUF;
  43   1        RI = 0;
  44   1        return(Rx_Data);
  45   1      }
  46          
  47          /********PORT 3 init***************/ //DON'T REMOVE. IF REMOVE SERIAL WILL NOT WORK
  48          void Port3_Init() {
  49   1        PORT3_PIN2 = 1;
  50   1        PORT3_PIN3 = 1;
  51   1        PORT3_PIN4 = 1;
  52   1        PORT3_PIN5 = 1;
  53   1        PORT3_PIN6 = 1;
  54   1        PORT3_PIN7 = 1;
C51 COMPILER V9.60.0.0   INT_DEVICE                                                        06/24/2022 16:46:48 PAGE 2   

  55   1      }
  56          
  57          #endif
  58          
  59          
  60          
  61          


MODULE INFORMATION:   STATIC OVERLAYABLE
   CODE SIZE        =     80    ----
   CONSTANT SIZE    =   ----    ----
   XDATA SIZE       =   ----    ----
   PDATA SIZE       =   ----    ----
   DATA SIZE        =   ----       3
   IDATA SIZE       =   ----    ----
   BIT SIZE         =   ----    ----
END OF MODULE INFORMATION.


C51 COMPILATION COMPLETE.  0 WARNING(S),  0 ERROR(S)
