C51 COMPILER V9.60.0.0   INT_DEVICE                                                        06/24/2022 19:42:11 PAGE 1   


C51 COMPILER V9.60.0.0, COMPILATION OF MODULE INT_DEVICE
OBJECT MODULE PLACED IN .\Objects\Int_Device.obj
COMPILER INVOKED BY: C:\Keil_v5\C51\BIN\C51.EXE Int_Device.c OPTIMIZE(8,SPEED) BROWSE DEBUG OBJECTEXTEND PRINT(.\Listing
                    -s\Int_Device.lst) TABS(2) OBJECT(.\Objects\Int_Device.obj)

line level    source

   1          #ifndef _INT_DEVICE_H
   2          #define _INT_DEVICE_H
   3          #include <REGX51.H>
   4          #include <MyHeader.h>
   5          
   6          /********* UART Int ***************/
   7          void Int_Uart()
   8          {
   9   1        TMOD = 0x20; //use timer 1, 8 bit auto reload
  10   1        SCON = 0x50; // Mode 1, reception enable 
  11   1        PCON = 0x80; //enable SMOD register
  12   1        TH1 = 0xFD; //9600 baud rate
  13   1        TR1 = 1; //start timer for baud rate generate
  14   1        //  ES = 1; // enable serial interrupt
  15   1         // EA = 1; // enable global interrupt bit
  16   1        ES = 1; // enable serial interrupt
  17   1        EA = 1; // enable global interrupt bit
  18   1      }
  19          
  20          /******** TX Char ****************/
  21          void Tx_char(unsigned char Tx_Data)
  22          {
  23   1        SBUF = Tx_Data;
  24   1        while(TI == 0);
  25   1        TI = 0;
  26   1      }
  27          
  28          /*********TX STRING***************/
  29          void Tx_string(unsigned char *get_data)
  30          {
  31   1        unsigned int addr=0;
  32   1        while(*(get_data+addr)!='\0')
  33   1        {
  34   2          Tx_char(*(get_data+addr));
  35   2          addr++;
  36   2        }
  37   1      }
  38          
  39          /******** RX Char ****************/
  40          //unsigned char Rx_char()
  41          //{
  42          //  unsigned char Rx_Data;
  43          //  while(RI == 0);
  44          //  Rx_Data = SBUF;
  45          //  RI = 0;
  46          //  return(Rx_Data);
  47          //}
  48          
  49          /********PORT 3 init***************/ //DON'T REMOVE. IF REMOVE SERIAL WILL NOT WORK
  50          void Port3_Init() {
  51   1        PORT3_PIN2 = 1;
  52   1        PORT3_PIN3 = 1;
  53   1        PORT3_PIN4 = 1;
  54   1        PORT3_PIN5 = 1;
C51 COMPILER V9.60.0.0   INT_DEVICE                                                        06/24/2022 19:42:11 PAGE 2   

  55   1        PORT3_PIN6 = 1;
  56   1        PORT3_PIN7 = 1;
  57   1      }
  58          
  59          void Delay(unsigned int itime)
  60          {
  61   1      unsigned int i,j;
  62   1        for (i=0;i<itime;i++) // this is For(); loop delay used to define delay value in Embedded C
  63   1        {
  64   2          for (j=0;j<1275;j++);
  65   2        }
  66   1      }
  67          
  68          #endif
  69          
  70          
  71          
  72          


MODULE INFORMATION:   STATIC OVERLAYABLE
   CODE SIZE        =    108    ----
   CONSTANT SIZE    =   ----    ----
   XDATA SIZE       =   ----    ----
   PDATA SIZE       =   ----    ----
   DATA SIZE        =   ----       3
   IDATA SIZE       =   ----    ----
   BIT SIZE         =   ----    ----
END OF MODULE INFORMATION.


C51 COMPILATION COMPLETE.  0 WARNING(S),  0 ERROR(S)
