C51 COMPILER V9.60.0.0   MAIN                                                              06/24/2022 19:42:11 PAGE 1   


C51 COMPILER V9.60.0.0, COMPILATION OF MODULE MAIN
OBJECT MODULE PLACED IN .\Objects\main.obj
COMPILER INVOKED BY: C:\Keil_v5\C51\BIN\C51.EXE main.c OPTIMIZE(8,SPEED) BROWSE DEBUG OBJECTEXTEND PRINT(.\Listings\main
                    -.lst) TABS(2) OBJECT(.\Objects\main.obj)

line level    source

   1          #include <REGX51.H>
   2          #include <MyHeader.h>
   3          #define TX_CAPACITY 6
   4          unsigned char tx_data[TX_CAPACITY];
   5          
   6          unsigned int i;
   7          unsigned int Rx_Addr = 0,one_time = 1;
   8          unsigned char Rx_Data[5];
   9          
  10          void serial_isr() interrupt 4 {
  11   1        unsigned char receivedChar;
  12   1        if (RI == 1) {
  13   2          RI = 0; // Clear the Receive interrupt flag
  14   2          receivedChar = SBUF; // get character in var  
  15   2          //    if (Rx_Addr >= 6) Rx_Addr=0;
  16   2          //    Rx_Data[Rx_Addr++] = receivedChar; //working
  17   2          if (Rx_Addr >= 6) Rx_Addr=0;
  18   2          else{
  19   3            Rx_Data[Rx_Addr++] = receivedChar; //working
  20   3            if(Rx_Data[0] != 0xA5) Rx_Addr=0;       
  21   3          }
  22   2        }
  23   1      }
  24          
  25          void main() {
  26   1        Int_Uart();
  27   1      
  28   1        P1 = 0x00; // OUTPUT PORT
  29   1        P2 = 0x00; // OUTPUT PORT
  30   1        P0 = 0xFF; // INPUT PORT
  31   1        Port3_Init();
  32   1      
  33   1        while (1) {
  34   2      
  35   2          tx_data[0] = IDENTITY_BYTE;
  36   2          tx_data[1] = START_BYTE;
  37   2          tx_data[2] = P0;
  38   2          tx_data[3] = P3;
  39   2          tx_data[4] = CHECKSUM(tx_data[2], tx_data[3]);
  40   2          tx_data[5] = END_BYTE;
  41   2          Tx_string(tx_data);
  42   2      
  43   2            Delay(10);
  44   2          if (Rx_Addr != 0){  
  45   3            if (Rx_Data[0] == IDENTITY_BYTE) {
  46   4              if (Rx_Data[1] == START_BYTE) {
  47   5                unsigned char temp = CHECKSUM(Rx_Data[2], Rx_Data[3]);
  48   5                if ((Rx_Data[4] == temp) && (Rx_Data[5] == END_BYTE)) {
  49   6                  P1 = Rx_Data[2];
  50   6                  P2 = Rx_Data[3];
  51   6                  Tx_string("WORKING");
  52   6                  memset(Rx_Data, '\0', 6 * sizeof(char));
  53   6                } 
  54   5                else {
C51 COMPILER V9.60.0.0   MAIN                                                              06/24/2022 19:42:11 PAGE 2   

  55   6                  Tx_char(temp);
  56   6                  Tx_char(Rx_Data[4]);
  57   6                  Tx_char(Rx_Data[5]);
  58   6                  Rx_Addr=0;
  59   6                  Tx_string("WRONG CHECKSUM or END_BYTE");
  60   6                  memset(Rx_Data, '\0', 6 * sizeof(char));
  61   6                }
  62   5              } 
  63   4              else {
  64   5                Rx_Addr=0;
  65   5                Tx_string("WRONG START_BYTE");
  66   5                memset(Rx_Data, '\0', 6 * sizeof(char));
  67   5              }
  68   4            }
  69   3            else
  70   3            {
  71   4              Tx_char(Rx_Data[0]);
  72   4              Rx_Addr=0;
  73   4              Tx_string("IDENTITY WRONG");
  74   4              memset(Rx_Data, '\0', 6 * sizeof(char));
  75   4            }
  76   3            Rx_Addr=0;
  77   3            memset(Rx_Data, '\0', 6 * sizeof(char));
  78   3          }
  79   2        }
  80   1      }


MODULE INFORMATION:   STATIC OVERLAYABLE
   CODE SIZE        =    262    ----
   CONSTANT SIZE    =     67    ----
   XDATA SIZE       =   ----    ----
   PDATA SIZE       =   ----    ----
   DATA SIZE        =     17       1
   IDATA SIZE       =   ----    ----
   BIT SIZE         =   ----    ----
END OF MODULE INFORMATION.


C51 COMPILATION COMPLETE.  0 WARNING(S),  0 ERROR(S)
