C51 COMPILER V9.60.0.0   MAIN                                                              06/23/2022 16:09:01 PAGE 1   


C51 COMPILER V9.60.0.0, COMPILATION OF MODULE MAIN
OBJECT MODULE PLACED IN .\Objects\main.obj
COMPILER INVOKED BY: C:\Keil_v5\C51\BIN\C51.EXE main.c OPTIMIZE(8,SPEED) BROWSE DEBUG OBJECTEXTEND PRINT(.\Listings\main
                    -.lst) TABS(2) OBJECT(.\Objects\main.obj)

line level    source

   1          #include <REGX51.H>
   2          #include <MyHeader.h>
   3          #define TX_CAPACITY 6
   4          unsigned char tx_data[TX_CAPACITY];
   5          
   6          void main() {
   7   1        Int_Uart();
   8   1        P0 = 0xFF;
   9   1        Port3_Init();
  10   1        while (1) {
  11   2          tx_data[0] = IDENTITY_BYTE;
  12   2          tx_data[1] = START_BYTE;
  13   2          tx_data[2] = P0;
  14   2          tx_data[3] = P3;
  15   2          tx_data[4] = CHECKSUM(IDENTITY_BYTE, START_BYTE, tx_data[2], tx_data[3]);
  16   2          tx_data[5] = END_BYTE;
  17   2          Tx_string(tx_data);
  18   2          //delay(250);
  19   2        }
  20   1      }


MODULE INFORMATION:   STATIC OVERLAYABLE
   CODE SIZE        =     42    ----
   CONSTANT SIZE    =   ----    ----
   XDATA SIZE       =   ----    ----
   PDATA SIZE       =   ----    ----
   DATA SIZE        =      6    ----
   IDATA SIZE       =   ----    ----
   BIT SIZE         =   ----    ----
END OF MODULE INFORMATION.


C51 COMPILATION COMPLETE.  0 WARNING(S),  0 ERROR(S)
