C51 COMPILER V9.60.0.0   MAIN                                                              06/24/2022 16:45:56 PAGE 1   


C51 COMPILER V9.60.0.0, COMPILATION OF MODULE MAIN
OBJECT MODULE PLACED IN .\Objects\main.obj
COMPILER INVOKED BY: C:\Keil_v5\C51\BIN\C51.EXE main.c OPTIMIZE(8,SPEED) BROWSE DEBUG OBJECTEXTEND PRINT(.\Listings\main
                    -.lst) TABS(2) OBJECT(.\Objects\main.obj)

line level    source

   1          #include <REGX51.H>
   2          
   3          #include <MyHeader.h>
   4          
   5          unsigned int i = 0;
   6          unsigned char Rx_Data[5];
   7          
   8          void main() {
   9   1        Int_Uart();
  10   1      
  11   1        P1 = 0x00; // OUTPUT PORT
  12   1        P2 = 0x00; // OUTPUT PORT
  13   1      
  14   1        while (1) {
  15   2      
  16   2          Rx_Data[0] = Rx_char();
  17   2          if (Rx_Data[0] == IDENTITY_BYTE) {
  18   3            for (i = 1; i < 6; i++)
  19   3              Rx_Data[i] = Rx_char();
  20   3            
  21   3            if (Rx_Data[1] == START_BYTE) {
  22   4              unsigned char temp  = CHECKSUM(Rx_Data[2], Rx_Data[3]); 
  23   4              if ((Rx_Data[4] == temp)&& (Rx_Data[5] == END_BYTE)) 
  24   4              {
  25   5                P1 = Rx_Data[2];
  26   5                P2 = Rx_Data[3];
  27   5                memset(Rx_Data, '\0', 6 * sizeof(char));
  28   5              } else {
  29   5                Tx_string("WRONG CHECKSUM or END_BYTE");
  30   5                memset(Rx_Data, '\0', 6 * sizeof(char));
  31   5              }
  32   4            } else {
  33   4              Tx_string("WRONG START_BYTE");
  34   4              memset(Rx_Data, '\0', 6 * sizeof(char));
  35   4            }
  36   3            memset(Rx_Data, '\0', 6 * sizeof(char));
  37   3          }
  38   2        }
  39   1      }


MODULE INFORMATION:   STATIC OVERLAYABLE
   CODE SIZE        =    147    ----
   CONSTANT SIZE    =     44    ----
   XDATA SIZE       =   ----    ----
   PDATA SIZE       =   ----    ----
   DATA SIZE        =      7       1
   IDATA SIZE       =   ----    ----
   BIT SIZE         =   ----    ----
END OF MODULE INFORMATION.


C51 COMPILATION COMPLETE.  0 WARNING(S),  0 ERROR(S)
