C51 COMPILER V9.60.0.0   DEVICE_FUNC                                                       06/27/2022 10:37:05 PAGE 1   


C51 COMPILER V9.60.0.0, COMPILATION OF MODULE DEVICE_FUNC
OBJECT MODULE PLACED IN .\Objects\Device_Func.obj
COMPILER INVOKED BY: C:\Keil_v5\C51\BIN\C51.EXE Device_Func.c OPTIMIZE(8,SPEED) BROWSE DEBUG OBJECTEXTEND PRINT(.\Listin
                    -gs\Device_Func.lst) TABS(2) OBJECT(.\Objects\Device_Func.obj)

line level    source

   1          #ifndef _INT_DEVICE_H
   2          #define _INT_DEVICE_H
   3          #include <MyHeader.h>
   4          
   5          /********* UART Int ***************/
   6          void Int_Uart() {
   7   1        // TMOD = 0x20; //use timer 1, 8 bit auto reload
   8   1        TMOD = 0x21; //sets the mode1 of Timer0 used for timing & sets the mode2 of Timer1 used for timing
   9   1        SCON = 0x50; // Mode 1, reception enable 
  10   1        PCON = 0x80; //enable SMOD register
  11   1        TH1 = 0xFD; //19600 baud rate
  12   1        TR1 = 1; //start timer for baud rate generate
  13   1        ES = 1; // enable serial interrupt
  14   1        EA = 1; // enable global interrupt bit
  15   1      
  16   1        /*********Timer0 Enable***********/
  17   1        TH0 = 0x4B; // LOAD THE TIMER VALUE
  18   1        TL0 = 0xFD;
  19   1        TR0 = 1; // ENABLE TIMER0 INTERRUPT
  20   1        ET0 = 1;
  21   1      }
  22          
  23          /******** TX Char ****************/
  24          void Tx_char(unsigned char Tx_Data) {
  25   1        SBUF = Tx_Data;
  26   1        while (TI == 0);
  27   1        TI = 0;
  28   1      }
  29          
  30          /*********TX STRING***************/
  31          void Tx_string(unsigned char * get_data) {
  32   1        unsigned int addr = 0;
  33   1        while ( * (get_data + addr) != '\0') {
  34   2          Tx_char( * (get_data + addr));
  35   2          addr++;
  36   2        }
  37   1      }
  38          
  39          /******** RX Char ****************/
  40          //unsigned char Rx_char()
  41          //{
  42          //  unsigned char Rx_Data;
  43          //  while(RI == 0);
  44          //  Rx_Data = SBUF;
  45          //  RI = 0;
  46          //  return(Rx_Data);
  47          //}
  48          
  49          /********PORT 3 init***************/ //DON'T REMOVE. IF REMOVE SERIAL WILL NOT WORK
  50          void Port3_Init() {
  51   1        /********input***********/
  52   1        //  PORT3_PIN2 = 1;
  53   1        //  PORT3_PIN3 = 1;
  54   1        //  PORT3_PIN4 = 1;
C51 COMPILER V9.60.0.0   DEVICE_FUNC                                                       06/27/2022 10:37:05 PAGE 2   

  55   1        //  PORT3_PIN5 = 1;
  56   1        //  PORT3_PIN6 = 1;
  57   1        //  PORT3_PIN7 = 1;
  58   1        /******OUTPUT******/
  59   1        PORT3_PIN2 = 0;
  60   1        PORT3_PIN3 = 0;
  61   1        PORT3_PIN4 = 0;
  62   1        PORT3_PIN5 = 0;
  63   1        PORT3_PIN6 = 0;
  64   1        PORT3_PIN7 = 0;
  65   1      }
  66          
  67          void Delay(unsigned int itime) {
  68   1        unsigned int i, j;
  69   1        for (i = 0; i < itime; i++) // this is For(); loop delay used to define delay value in Embedded C
  70   1        {
  71   2          for (j = 0; j < 1275; j++);
  72   2        }
  73   1      }
  74          
  75          /**************** check the port 3 pin status individually  ****************************/
  76          unsigned char PORT3_func() {
  77   1      
  78   1        unsigned char PORT3 = 0x00;
  79   1        //  if (PORT3_PIN0 == 0)
  80   1        //    PORT3 = PORT3 | 0x01; 
  81   1        //  else
  82   1        //    PORT3 = PORT3 & 0xFF;
  83   1        //  if (PORT3_PIN1 == 0)
  84   1        //    PORT3 = PORT3 | 0x02; 
  85   1        //  else
  86   1        //    PORT3 = PORT3 & 0xFF;
  87   1        PORT3 = PORT3 | 0x03;
  88   1        if (PORT3_PIN2 == 0)
  89   1          PORT3 |= 0x04;
  90   1        else
  91   1          PORT3 &= 0xFF;
  92   1        if (PORT3_PIN3 == 0)
  93   1          PORT3 |= 0x08;
  94   1        else
  95   1          PORT3 = PORT3 & 0xFF;
  96   1        if (PORT3_PIN4 == 0)
  97   1          PORT3 |= 0x10;
  98   1        else
  99   1          PORT3 = PORT3 & 0xFF;
 100   1        if (PORT3_PIN5 == 0)
 101   1          PORT3 |= 0x20;
 102   1        else
 103   1          PORT3 &= 0xFF;
 104   1        if (PORT3_PIN6 == 0)
 105   1          PORT3 |= 0x40;
 106   1        else
 107   1          PORT3 &= 0xFF;
 108   1        if (PORT3_PIN7 == 0)
 109   1          PORT3 |= 0x80;
 110   1        else
 111   1          PORT3 &= 0xFF;
 112   1      
 113   1        return PORT3;
 114   1      }
 115          
 116          void Transmit_Data() {
C51 COMPILER V9.60.0.0   DEVICE_FUNC                                                       06/27/2022 10:37:05 PAGE 3   

 117   1        TX_Data[0] = IDENTITY_BYTE;
 118   1        TX_Data[1] = START_BYTE;
 119   1        TX_Data[2] = P0;
 120   1        TX_Data[3] = P2;
 121   1        TX_Data[4] = CHECKSUM(TX_Data[2], TX_Data[3]);
 122   1        TX_Data[5] = END_BYTE;
 123   1        Tx_char(TX_Data[0]);
 124   1        Tx_char(TX_Data[1]);
 125   1        Tx_char(TX_Data[2]);
 126   1        Tx_char(TX_Data[3]);
 127   1        Tx_char(TX_Data[4]);
 128   1        Tx_char(TX_Data[5]);
 129   1      }
 130          
 131          void Received_Data() {
 132   1        if (RX_Data[0] == IDENTITY_BYTE) {
 133   2          if (RX_Data[1] == START_BYTE) {
 134   3            unsigned char temp = CHECKSUM(RX_Data[2], RX_Data[3]);
 135   3            if ((RX_Data[4] == temp) && (RX_Data[5] == END_BYTE)) {
 136   4              P1 = RX_Data[2];
 137   4              P3 = RX_Data[3];
 138   4              //            memset(RX_Data, '\0', 6 * sizeof(char));
 139   4            }
 140   3            //          else {
 141   3            //            RX_Index=0;
 142   3            //            Tx_string("WRONG CHECKSUM or END_BYTE");
 143   3            //            memset(RX_Data, '\0', 6 * sizeof(char));
 144   3            //          }
 145   3          }
 146   2          //        else {
 147   2          //          RX_Index=0;
 148   2          //          Tx_string("WRONG START_BYTE");
 149   2          //          memset(RX_Data, '\0', 6 * sizeof(char));
 150   2          //        }
 151   2        }
 152   1        //      else
 153   1        //      {
 154   1        //        RX_Index=0;
 155   1        //        Tx_string("IDENTITY WRONG");
 156   1        //        memset(RX_Data, '\0', 6 * sizeof(char));
 157   1        //      }
 158   1      }
 159          
 160          void Ports_Init() {
 161   1        P1 = 0x00; // OUTPUT PORT
 162   1        // P2 = 0x00; // OUTPUT PORT
 163   1        P2 = 0xFF; // INPUT PORT
 164   1        P0 = 0xFF; // INPUT PORT
 165   1        Port3_Init();
 166   1      }
 167          
 168          
 169          #endif


MODULE INFORMATION:   STATIC OVERLAYABLE
   CODE SIZE        =    267    ----
   CONSTANT SIZE    =   ----    ----
   XDATA SIZE       =   ----    ----
   PDATA SIZE       =   ----    ----
   DATA SIZE        =   ----       4
   IDATA SIZE       =   ----    ----
C51 COMPILER V9.60.0.0   DEVICE_FUNC                                                       06/27/2022 10:37:05 PAGE 4   

   BIT SIZE         =   ----    ----
END OF MODULE INFORMATION.


C51 COMPILATION COMPLETE.  0 WARNING(S),  0 ERROR(S)
